{"/home/inust33/ubereats-backend/src/jwt/jwt.service.ts": {"path":"/home/inust33/ubereats-backend/src/jwt/jwt.service.ts","statementMap":{"0":{"start":{"line":1,"column":0},"end":{"line":1,"column":52}},"1":{"start":{"line":2,"column":0},"end":{"line":2,"column":36}},"2":{"start":{"line":5,"column":0},"end":{"line":5,"column":60}},"3":{"start":{"line":8,"column":0},"end":{"line":18,"column":null}},"4":{"start":{"line":10,"column":45},"end":{"line":10,"column":70}},"5":{"start":{"line":13,"column":4},"end":{"line":13,"column":61}},"6":{"start":{"line":16,"column":4},"end":{"line":16,"column":54}},"7":{"start":{"line":8,"column":13},"end":{"line":18,"column":null}},"8":{"start":{"line":8,"column":13},"end":{"line":8,"column":23}}},"fnMap":{"0":{"name":"(anonymous_4)","decl":{"start":{"line":9,"column":2},"end":{"line":9,"column":null}},"loc":{"start":{"line":10,"column":70},"end":{"line":11,"column":6}}},"1":{"name":"(anonymous_5)","decl":{"start":{"line":12,"column":2},"end":{"line":12,"column":6}},"loc":{"start":{"line":12,"column":21},"end":{"line":14,"column":3}}},"2":{"name":"(anonymous_6)","decl":{"start":{"line":15,"column":2},"end":{"line":15,"column":8}},"loc":{"start":{"line":15,"column":22},"end":{"line":17,"column":3}}}},"branchMap":{},"s":{"0":1,"1":1,"2":1,"3":1,"4":0,"5":0,"6":0,"7":1,"8":1},"f":{"0":0,"1":0,"2":0},"b":{}}
,"/home/inust33/ubereats-backend/src/mail/mail.service.ts": {"path":"/home/inust33/ubereats-backend/src/mail/mail.service.ts","statementMap":{"0":{"start":{"line":1,"column":0},"end":{"line":1,"column":52}},"1":{"start":{"line":2,"column":0},"end":{"line":2,"column":60}},"2":{"start":{"line":4,"column":0},"end":{"line":4,"column":38}},"3":{"start":{"line":5,"column":0},"end":{"line":5,"column":22}},"4":{"start":{"line":7,"column":0},"end":{"line":51,"column":null}},"5":{"start":{"line":9,"column":45},"end":{"line":9,"column":70}},"6":{"start":{"line":18,"column":17},"end":{"line":18,"column":31}},"7":{"start":{"line":19,"column":4},"end":{"line":19,"column":78}},"8":{"start":{"line":20,"column":4},"end":{"line":20,"column":43}},"9":{"start":{"line":21,"column":4},"end":{"line":21,"column":41}},"10":{"start":{"line":22,"column":4},"end":{"line":22,"column":43}},"11":{"start":{"line":24,"column":4},"end":{"line":26,"column":6}},"12":{"start":{"line":25,"column":6},"end":{"line":25,"column":45}},"13":{"start":{"line":28,"column":4},"end":{"line":43,"column":null}},"14":{"start":{"line":29,"column":23},"end":{"line":39,"column":null}},"15":{"start":{"line":42,"column":6},"end":{"line":42,"column":21}},"16":{"start":{"line":46,"column":4},"end":{"line":49,"column":7}},"17":{"start":{"line":7,"column":13},"end":{"line":51,"column":null}},"18":{"start":{"line":7,"column":13},"end":{"line":7,"column":24}}},"fnMap":{"0":{"name":"(anonymous_4)","decl":{"start":{"line":8,"column":2},"end":{"line":8,"column":null}},"loc":{"start":{"line":9,"column":70},"end":{"line":10,"column":6}}},"1":{"name":"(anonymous_5)","decl":{"start":{"line":12,"column":10},"end":{"line":12,"column":15}},"loc":{"start":{"line":16,"column":23},"end":{"line":44,"column":3}}},"2":{"name":"(anonymous_6)","decl":{"start":{"line":24,"column":35},"end":{"line":24,"column":36}},"loc":{"start":{"line":25,"column":6},"end":{"line":25,"column":45}}},"3":{"name":"(anonymous_7)","decl":{"start":{"line":45,"column":2},"end":{"line":45,"column":23}},"loc":{"start":{"line":45,"column":63},"end":{"line":50,"column":3}}}},"branchMap":{},"s":{"0":1,"1":1,"2":1,"3":1,"4":1,"5":0,"6":0,"7":0,"8":0,"9":0,"10":0,"11":0,"12":0,"13":0,"14":0,"15":0,"16":0,"17":1,"18":1},"f":{"0":0,"1":0,"2":0,"3":0},"b":{}}
,"/home/inust33/ubereats-backend/src/restaurants/restaurants.service.ts": {"path":"/home/inust33/ubereats-backend/src/restaurants/restaurants.service.ts","statementMap":{"0":{"start":{"line":1,"column":0},"end":{"line":1,"column":44}},"1":{"start":{"line":2,"column":0},"end":{"line":2,"column":58}},"2":{"start":{"line":3,"column":0},"end":{"line":3,"column":51}},"3":{"start":{"line":4,"column":0},"end":{"line":4,"column":37}},"4":{"start":{"line":9,"column":0},"end":{"line":26,"column":null}},"5":{"start":{"line":12,"column":21},"end":{"line":12,"column":34}},"6":{"start":{"line":15,"column":4},"end":{"line":15,"column":35}},"7":{"start":{"line":20,"column":26},"end":{"line":20,"column":70}},"8":{"start":{"line":21,"column":4},"end":{"line":21,"column":48}},"9":{"start":{"line":24,"column":4},"end":{"line":24,"column":52}},"10":{"start":{"line":9,"column":13},"end":{"line":26,"column":null}},"11":{"start":{"line":9,"column":13},"end":{"line":9,"column":31}}},"fnMap":{"0":{"name":"(anonymous_4)","decl":{"start":{"line":10,"column":2},"end":{"line":10,"column":null}},"loc":{"start":{"line":12,"column":56},"end":{"line":13,"column":6}}},"1":{"name":"(anonymous_5)","decl":{"start":{"line":14,"column":2},"end":{"line":14,"column":8}},"loc":{"start":{"line":14,"column":8},"end":{"line":16,"column":3}}},"2":{"name":"(anonymous_6)","decl":{"start":{"line":17,"column":2},"end":{"line":17,"column":18}},"loc":{"start":{"line":18,"column":44},"end":{"line":22,"column":3}}},"3":{"name":"(anonymous_7)","decl":{"start":{"line":23,"column":2},"end":{"line":23,"column":18}},"loc":{"start":{"line":23,"column":52},"end":{"line":25,"column":3}}}},"branchMap":{},"s":{"0":0,"1":0,"2":0,"3":0,"4":0,"5":0,"6":0,"7":0,"8":0,"9":0,"10":0,"11":0},"f":{"0":0,"1":0,"2":0,"3":0},"b":{}}
,"/home/inust33/ubereats-backend/src/users/users.service.ts": {"path":"/home/inust33/ubereats-backend/src/users/users.service.ts","statementMap":{"0":{"start":{"line":1,"column":0},"end":{"line":1,"column":44}},"1":{"start":{"line":2,"column":0},"end":{"line":2,"column":51}},"2":{"start":{"line":3,"column":0},"end":{"line":3,"column":46}},"3":{"start":{"line":4,"column":0},"end":{"line":4,"column":37}},"4":{"start":{"line":11,"column":0},"end":{"line":11,"column":48}},"5":{"start":{"line":13,"column":0},"end":{"line":13,"column":62}},"6":{"start":{"line":16,"column":0},"end":{"line":16,"column":51}},"7":{"start":{"line":18,"column":0},"end":{"line":151,"column":null}},"8":{"start":{"line":20,"column":45},"end":{"line":20,"column":52}},"9":{"start":{"line":22,"column":21},"end":{"line":22,"column":36}},"10":{"start":{"line":23,"column":21},"end":{"line":23,"column":33}},"11":{"start":{"line":24,"column":21},"end":{"line":24,"column":34}},"12":{"start":{"line":33,"column":4},"end":{"line":52,"column":null}},"13":{"start":{"line":34,"column":21},"end":{"line":34,"column":56}},"14":{"start":{"line":35,"column":6},"end":{"line":37,"column":null}},"15":{"start":{"line":36,"column":8},"end":{"line":36,"column":80}},"16":{"start":{"line":38,"column":19},"end":{"line":39,"column":null}},"17":{"start":{"line":41,"column":27},"end":{"line":42,"column":null}},"18":{"start":{"line":44,"column":6},"end":{"line":48,"column":8}},"19":{"start":{"line":49,"column":6},"end":{"line":49,"column":26}},"20":{"start":{"line":51,"column":6},"end":{"line":51,"column":61}},"21":{"start":{"line":57,"column":4},"end":{"line":82,"column":null}},"22":{"start":{"line":58,"column":19},"end":{"line":60,"column":null}},"23":{"start":{"line":62,"column":6},"end":{"line":67,"column":null}},"24":{"start":{"line":63,"column":8},"end":{"line":66,"column":10}},"25":{"start":{"line":68,"column":30},"end":{"line":68,"column":64}},"26":{"start":{"line":69,"column":6},"end":{"line":74,"column":null}},"27":{"start":{"line":70,"column":8},"end":{"line":73,"column":10}},"28":{"start":{"line":75,"column":20},"end":{"line":75,"column":49}},"29":{"start":{"line":76,"column":6},"end":{"line":79,"column":8}},"30":{"start":{"line":81,"column":6},"end":{"line":81,"column":34}},"31":{"start":{"line":86,"column":4},"end":{"line":96,"column":null}},"32":{"start":{"line":87,"column":19},"end":{"line":87,"column":51}},"33":{"start":{"line":88,"column":6},"end":{"line":93,"column":null}},"34":{"start":{"line":89,"column":8},"end":{"line":92,"column":10}},"35":{"start":{"line":95,"column":6},"end":{"line":95,"column":53}},"36":{"start":{"line":104,"column":4},"end":{"line":126,"column":null}},"37":{"start":{"line":105,"column":19},"end":{"line":105,"column":59}},"38":{"start":{"line":107,"column":6},"end":{"line":119,"column":null}},"39":{"start":{"line":108,"column":8},"end":{"line":108,"column":27}},"40":{"start":{"line":109,"column":8},"end":{"line":109,"column":30}},"41":{"start":{"line":110,"column":29},"end":{"line":111,"column":null}},"42":{"start":{"line":113,"column":8},"end":{"line":113,"column":34}},"43":{"start":{"line":114,"column":8},"end":{"line":118,"column":10}},"44":{"start":{"line":120,"column":6},"end":{"line":120,"column":45}},"45":{"start":{"line":120,"column":20},"end":{"line":120,"column":45}},"46":{"start":{"line":121,"column":6},"end":{"line":121,"column":33}},"47":{"start":{"line":121,"column":16},"end":{"line":121,"column":33}},"48":{"start":{"line":122,"column":6},"end":{"line":122,"column":34}},"49":{"start":{"line":123,"column":6},"end":{"line":123,"column":26}},"50":{"start":{"line":125,"column":6},"end":{"line":125,"column":63}},"51":{"start":{"line":130,"column":4},"end":{"line":149,"column":null}},"52":{"start":{"line":131,"column":27},"end":{"line":133,"column":null}},"53":{"start":{"line":135,"column":6},"end":{"line":144,"column":null}},"54":{"start":{"line":140,"column":8},"end":{"line":140,"column":42}},"55":{"start":{"line":141,"column":8},"end":{"line":141,"column":49}},"56":{"start":{"line":142,"column":8},"end":{"line":142,"column":57}},"57":{"start":{"line":143,"column":8},"end":{"line":143,"column":28}},"58":{"start":{"line":145,"column":6},"end":{"line":145,"column":61}},"59":{"start":{"line":147,"column":6},"end":{"line":147,"column":25}},"60":{"start":{"line":148,"column":6},"end":{"line":148,"column":34}},"61":{"start":{"line":18,"column":13},"end":{"line":151,"column":null}},"62":{"start":{"line":18,"column":13},"end":{"line":18,"column":24}}},"fnMap":{"0":{"name":"(anonymous_4)","decl":{"start":{"line":19,"column":2},"end":{"line":19,"column":null}},"loc":{"start":{"line":24,"column":45},"end":{"line":25,"column":6}}},"1":{"name":"(anonymous_5)","decl":{"start":{"line":27,"column":2},"end":{"line":27,"column":7}},"loc":{"start":{"line":31,"column":23},"end":{"line":53,"column":3}}},"2":{"name":"(anonymous_6)","decl":{"start":{"line":55,"column":2},"end":{"line":55,"column":7}},"loc":{"start":{"line":55,"column":45},"end":{"line":83,"column":3}}},"3":{"name":"(anonymous_7)","decl":{"start":{"line":85,"column":2},"end":{"line":85,"column":7}},"loc":{"start":{"line":85,"column":27},"end":{"line":97,"column":3}}},"4":{"name":"(anonymous_8)","decl":{"start":{"line":99,"column":2},"end":{"line":99,"column":7}},"loc":{"start":{"line":101,"column":47},"end":{"line":127,"column":3}}},"5":{"name":"(anonymous_9)","decl":{"start":{"line":129,"column":2},"end":{"line":129,"column":7}},"loc":{"start":{"line":129,"column":32},"end":{"line":150,"column":3}}}},"branchMap":{"0":{"loc":{"start":{"line":35,"column":6},"end":{"line":37,"column":null}},"type":"if","locations":[{"start":{"line":35,"column":6},"end":{"line":37,"column":null}}]},"1":{"loc":{"start":{"line":62,"column":6},"end":{"line":67,"column":null}},"type":"if","locations":[{"start":{"line":62,"column":6},"end":{"line":67,"column":null}}]},"2":{"loc":{"start":{"line":69,"column":6},"end":{"line":74,"column":null}},"type":"if","locations":[{"start":{"line":69,"column":6},"end":{"line":74,"column":null}}]},"3":{"loc":{"start":{"line":88,"column":6},"end":{"line":93,"column":null}},"type":"if","locations":[{"start":{"line":88,"column":6},"end":{"line":93,"column":null}}]},"4":{"loc":{"start":{"line":107,"column":6},"end":{"line":119,"column":null}},"type":"if","locations":[{"start":{"line":107,"column":6},"end":{"line":119,"column":null}}]},"5":{"loc":{"start":{"line":120,"column":6},"end":{"line":120,"column":45}},"type":"if","locations":[{"start":{"line":120,"column":6},"end":{"line":120,"column":45}}]},"6":{"loc":{"start":{"line":121,"column":6},"end":{"line":121,"column":33}},"type":"if","locations":[{"start":{"line":121,"column":6},"end":{"line":121,"column":33}}]},"7":{"loc":{"start":{"line":135,"column":6},"end":{"line":144,"column":null}},"type":"if","locations":[{"start":{"line":135,"column":6},"end":{"line":144,"column":null}}]}},"s":{"0":1,"1":1,"2":1,"3":1,"4":1,"5":1,"6":1,"7":1,"8":1,"9":1,"10":1,"11":1,"12":1,"13":1,"14":1,"15":1,"16":0,"17":0,"18":0,"19":0,"20":0,"21":0,"22":0,"23":0,"24":0,"25":0,"26":0,"27":0,"28":0,"29":0,"30":0,"31":0,"32":0,"33":0,"34":0,"35":0,"36":0,"37":0,"38":0,"39":0,"40":0,"41":0,"42":0,"43":0,"44":0,"45":0,"46":0,"47":0,"48":0,"49":0,"50":0,"51":0,"52":0,"53":0,"54":0,"55":0,"56":0,"57":0,"58":0,"59":0,"60":0,"61":1,"62":1},"f":{"0":1,"1":1,"2":0,"3":0,"4":0,"5":0},"b":{"0":[1],"1":[0],"2":[0],"3":[0],"4":[0],"5":[0],"6":[0],"7":[0]}}
}
