{"/Users/inust/projects/ubereats-backend/src/jwt/jwt.service.ts": {"path":"/Users/inust/projects/ubereats-backend/src/jwt/jwt.service.ts","statementMap":{"0":{"start":{"line":1,"column":0},"end":{"line":1,"column":52}},"1":{"start":{"line":2,"column":0},"end":{"line":2,"column":36}},"2":{"start":{"line":5,"column":0},"end":{"line":5,"column":60}},"3":{"start":{"line":8,"column":0},"end":{"line":18,"column":null}},"4":{"start":{"line":10,"column":45},"end":{"line":10,"column":70}},"5":{"start":{"line":13,"column":4},"end":{"line":13,"column":61}},"6":{"start":{"line":16,"column":4},"end":{"line":16,"column":54}},"7":{"start":{"line":8,"column":13},"end":{"line":18,"column":null}},"8":{"start":{"line":8,"column":13},"end":{"line":8,"column":23}}},"fnMap":{"0":{"name":"(anonymous_4)","decl":{"start":{"line":9,"column":2},"end":{"line":9,"column":null}},"loc":{"start":{"line":10,"column":70},"end":{"line":11,"column":6}}},"1":{"name":"(anonymous_5)","decl":{"start":{"line":12,"column":2},"end":{"line":12,"column":6}},"loc":{"start":{"line":12,"column":21},"end":{"line":14,"column":3}}},"2":{"name":"(anonymous_6)","decl":{"start":{"line":15,"column":2},"end":{"line":15,"column":8}},"loc":{"start":{"line":15,"column":22},"end":{"line":17,"column":3}}}},"branchMap":{},"s":{"0":2,"1":2,"2":2,"3":2,"4":3,"5":1,"6":1,"7":2,"8":2},"f":{"0":3,"1":1,"2":1},"b":{}}
,"/Users/inust/projects/ubereats-backend/src/mail/mail.service.ts": {"path":"/Users/inust/projects/ubereats-backend/src/mail/mail.service.ts","statementMap":{"0":{"start":{"line":1,"column":0},"end":{"line":1,"column":52}},"1":{"start":{"line":2,"column":0},"end":{"line":2,"column":60}},"2":{"start":{"line":4,"column":0},"end":{"line":4,"column":38}},"3":{"start":{"line":5,"column":0},"end":{"line":5,"column":22}},"4":{"start":{"line":7,"column":0},"end":{"line":53,"column":null}},"5":{"start":{"line":9,"column":45},"end":{"line":9,"column":70}},"6":{"start":{"line":19,"column":17},"end":{"line":19,"column":31}},"7":{"start":{"line":20,"column":4},"end":{"line":20,"column":78}},"8":{"start":{"line":21,"column":4},"end":{"line":21,"column":43}},"9":{"start":{"line":22,"column":4},"end":{"line":22,"column":41}},"10":{"start":{"line":23,"column":4},"end":{"line":23,"column":43}},"11":{"start":{"line":25,"column":4},"end":{"line":27,"column":6}},"12":{"start":{"line":26,"column":6},"end":{"line":26,"column":34}},"13":{"start":{"line":29,"column":4},"end":{"line":45,"column":null}},"14":{"start":{"line":30,"column":23},"end":{"line":39,"column":null}},"15":{"start":{"line":41,"column":6},"end":{"line":41,"column":18}},"16":{"start":{"line":44,"column":6},"end":{"line":44,"column":19}},"17":{"start":{"line":48,"column":4},"end":{"line":51,"column":7}},"18":{"start":{"line":7,"column":13},"end":{"line":53,"column":null}},"19":{"start":{"line":7,"column":13},"end":{"line":7,"column":24}}},"fnMap":{"0":{"name":"(anonymous_4)","decl":{"start":{"line":8,"column":2},"end":{"line":8,"column":null}},"loc":{"start":{"line":9,"column":70},"end":{"line":10,"column":6}}},"1":{"name":"(anonymous_5)","decl":{"start":{"line":12,"column":2},"end":{"line":12,"column":7}},"loc":{"start":{"line":17,"column":23},"end":{"line":46,"column":3}}},"2":{"name":"(anonymous_6)","decl":{"start":{"line":25,"column":38},"end":{"line":25,"column":39}},"loc":{"start":{"line":26,"column":6},"end":{"line":26,"column":34}}},"3":{"name":"(anonymous_7)","decl":{"start":{"line":47,"column":2},"end":{"line":47,"column":23}},"loc":{"start":{"line":47,"column":63},"end":{"line":52,"column":3}}}},"branchMap":{},"s":{"0":2,"1":2,"2":2,"3":2,"4":2,"5":4,"6":2,"7":2,"8":2,"9":2,"10":2,"11":2,"12":2,"13":2,"14":2,"15":1,"16":1,"17":1,"18":2,"19":2},"f":{"0":4,"1":2,"2":2,"3":1},"b":{}}
,"/Users/inust/projects/ubereats-backend/src/restaurants/restaurants.service.ts": {"path":"/Users/inust/projects/ubereats-backend/src/restaurants/restaurants.service.ts","statementMap":{"0":{"start":{"line":1,"column":0},"end":{"line":1,"column":44}},"1":{"start":{"line":2,"column":0},"end":{"line":2,"column":58}},"2":{"start":{"line":3,"column":0},"end":{"line":3,"column":51}},"3":{"start":{"line":4,"column":0},"end":{"line":4,"column":37}},"4":{"start":{"line":9,"column":0},"end":{"line":26,"column":null}},"5":{"start":{"line":12,"column":21},"end":{"line":12,"column":34}},"6":{"start":{"line":15,"column":4},"end":{"line":15,"column":35}},"7":{"start":{"line":20,"column":26},"end":{"line":20,"column":70}},"8":{"start":{"line":21,"column":4},"end":{"line":21,"column":48}},"9":{"start":{"line":24,"column":4},"end":{"line":24,"column":52}},"10":{"start":{"line":9,"column":13},"end":{"line":26,"column":null}},"11":{"start":{"line":9,"column":13},"end":{"line":9,"column":31}}},"fnMap":{"0":{"name":"(anonymous_4)","decl":{"start":{"line":10,"column":2},"end":{"line":10,"column":null}},"loc":{"start":{"line":12,"column":56},"end":{"line":13,"column":6}}},"1":{"name":"(anonymous_5)","decl":{"start":{"line":14,"column":2},"end":{"line":14,"column":8}},"loc":{"start":{"line":14,"column":8},"end":{"line":16,"column":3}}},"2":{"name":"(anonymous_6)","decl":{"start":{"line":17,"column":2},"end":{"line":17,"column":18}},"loc":{"start":{"line":18,"column":44},"end":{"line":22,"column":3}}},"3":{"name":"(anonymous_7)","decl":{"start":{"line":23,"column":2},"end":{"line":23,"column":18}},"loc":{"start":{"line":23,"column":52},"end":{"line":25,"column":3}}}},"branchMap":{},"s":{"0":0,"1":0,"2":0,"3":0,"4":0,"5":0,"6":0,"7":0,"8":0,"9":0,"10":0,"11":0},"f":{"0":0,"1":0,"2":0,"3":0},"b":{}}
,"/Users/inust/projects/ubereats-backend/src/users/users.service.ts": {"path":"/Users/inust/projects/ubereats-backend/src/users/users.service.ts","statementMap":{"0":{"start":{"line":1,"column":0},"end":{"line":1,"column":44}},"1":{"start":{"line":2,"column":0},"end":{"line":2,"column":51}},"2":{"start":{"line":3,"column":0},"end":{"line":3,"column":46}},"3":{"start":{"line":4,"column":0},"end":{"line":4,"column":37}},"4":{"start":{"line":11,"column":0},"end":{"line":11,"column":48}},"5":{"start":{"line":13,"column":0},"end":{"line":13,"column":62}},"6":{"start":{"line":16,"column":0},"end":{"line":16,"column":51}},"7":{"start":{"line":18,"column":0},"end":{"line":149,"column":null}},"8":{"start":{"line":20,"column":45},"end":{"line":20,"column":52}},"9":{"start":{"line":22,"column":21},"end":{"line":22,"column":36}},"10":{"start":{"line":23,"column":21},"end":{"line":23,"column":33}},"11":{"start":{"line":24,"column":21},"end":{"line":24,"column":34}},"12":{"start":{"line":33,"column":4},"end":{"line":52,"column":null}},"13":{"start":{"line":34,"column":21},"end":{"line":34,"column":56}},"14":{"start":{"line":35,"column":6},"end":{"line":37,"column":null}},"15":{"start":{"line":36,"column":8},"end":{"line":36,"column":80}},"16":{"start":{"line":38,"column":19},"end":{"line":39,"column":null}},"17":{"start":{"line":41,"column":27},"end":{"line":42,"column":null}},"18":{"start":{"line":44,"column":6},"end":{"line":48,"column":8}},"19":{"start":{"line":49,"column":6},"end":{"line":49,"column":26}},"20":{"start":{"line":51,"column":6},"end":{"line":51,"column":61}},"21":{"start":{"line":57,"column":4},"end":{"line":82,"column":null}},"22":{"start":{"line":58,"column":19},"end":{"line":60,"column":null}},"23":{"start":{"line":62,"column":6},"end":{"line":67,"column":null}},"24":{"start":{"line":63,"column":8},"end":{"line":66,"column":10}},"25":{"start":{"line":68,"column":30},"end":{"line":68,"column":64}},"26":{"start":{"line":69,"column":6},"end":{"line":74,"column":null}},"27":{"start":{"line":70,"column":8},"end":{"line":73,"column":10}},"28":{"start":{"line":75,"column":20},"end":{"line":75,"column":49}},"29":{"start":{"line":76,"column":6},"end":{"line":79,"column":8}},"30":{"start":{"line":81,"column":6},"end":{"line":81,"column":50}},"31":{"start":{"line":86,"column":4},"end":{"line":94,"column":null}},"32":{"start":{"line":87,"column":19},"end":{"line":87,"column":57}},"33":{"start":{"line":88,"column":6},"end":{"line":91,"column":8}},"34":{"start":{"line":93,"column":6},"end":{"line":93,"column":53}},"35":{"start":{"line":102,"column":4},"end":{"line":124,"column":null}},"36":{"start":{"line":103,"column":19},"end":{"line":103,"column":59}},"37":{"start":{"line":105,"column":6},"end":{"line":117,"column":null}},"38":{"start":{"line":106,"column":8},"end":{"line":106,"column":27}},"39":{"start":{"line":107,"column":8},"end":{"line":107,"column":30}},"40":{"start":{"line":108,"column":29},"end":{"line":109,"column":null}},"41":{"start":{"line":111,"column":8},"end":{"line":111,"column":34}},"42":{"start":{"line":112,"column":8},"end":{"line":116,"column":10}},"43":{"start":{"line":118,"column":6},"end":{"line":118,"column":45}},"44":{"start":{"line":118,"column":20},"end":{"line":118,"column":45}},"45":{"start":{"line":119,"column":6},"end":{"line":119,"column":33}},"46":{"start":{"line":119,"column":16},"end":{"line":119,"column":33}},"47":{"start":{"line":120,"column":6},"end":{"line":120,"column":34}},"48":{"start":{"line":121,"column":6},"end":{"line":121,"column":26}},"49":{"start":{"line":123,"column":6},"end":{"line":123,"column":63}},"50":{"start":{"line":128,"column":4},"end":{"line":147,"column":null}},"51":{"start":{"line":129,"column":27},"end":{"line":131,"column":null}},"52":{"start":{"line":133,"column":6},"end":{"line":142,"column":null}},"53":{"start":{"line":138,"column":8},"end":{"line":138,"column":42}},"54":{"start":{"line":139,"column":8},"end":{"line":139,"column":49}},"55":{"start":{"line":140,"column":8},"end":{"line":140,"column":57}},"56":{"start":{"line":141,"column":8},"end":{"line":141,"column":28}},"57":{"start":{"line":143,"column":6},"end":{"line":143,"column":61}},"58":{"start":{"line":145,"column":6},"end":{"line":145,"column":25}},"59":{"start":{"line":146,"column":6},"end":{"line":146,"column":61}},"60":{"start":{"line":18,"column":13},"end":{"line":149,"column":null}},"61":{"start":{"line":18,"column":13},"end":{"line":18,"column":24}}},"fnMap":{"0":{"name":"(anonymous_4)","decl":{"start":{"line":19,"column":2},"end":{"line":19,"column":null}},"loc":{"start":{"line":24,"column":45},"end":{"line":25,"column":6}}},"1":{"name":"(anonymous_5)","decl":{"start":{"line":27,"column":2},"end":{"line":27,"column":7}},"loc":{"start":{"line":31,"column":23},"end":{"line":53,"column":3}}},"2":{"name":"(anonymous_6)","decl":{"start":{"line":55,"column":2},"end":{"line":55,"column":7}},"loc":{"start":{"line":55,"column":45},"end":{"line":83,"column":3}}},"3":{"name":"(anonymous_7)","decl":{"start":{"line":85,"column":2},"end":{"line":85,"column":7}},"loc":{"start":{"line":85,"column":27},"end":{"line":95,"column":3}}},"4":{"name":"(anonymous_8)","decl":{"start":{"line":97,"column":2},"end":{"line":97,"column":7}},"loc":{"start":{"line":99,"column":47},"end":{"line":125,"column":3}}},"5":{"name":"(anonymous_9)","decl":{"start":{"line":127,"column":2},"end":{"line":127,"column":7}},"loc":{"start":{"line":127,"column":32},"end":{"line":148,"column":3}}}},"branchMap":{"0":{"loc":{"start":{"line":35,"column":6},"end":{"line":37,"column":null}},"type":"if","locations":[{"start":{"line":35,"column":6},"end":{"line":37,"column":null}}]},"1":{"loc":{"start":{"line":62,"column":6},"end":{"line":67,"column":null}},"type":"if","locations":[{"start":{"line":62,"column":6},"end":{"line":67,"column":null}}]},"2":{"loc":{"start":{"line":69,"column":6},"end":{"line":74,"column":null}},"type":"if","locations":[{"start":{"line":69,"column":6},"end":{"line":74,"column":null}}]},"3":{"loc":{"start":{"line":105,"column":6},"end":{"line":117,"column":null}},"type":"if","locations":[{"start":{"line":105,"column":6},"end":{"line":117,"column":null}}]},"4":{"loc":{"start":{"line":118,"column":6},"end":{"line":118,"column":45}},"type":"if","locations":[{"start":{"line":118,"column":6},"end":{"line":118,"column":45}}]},"5":{"loc":{"start":{"line":119,"column":6},"end":{"line":119,"column":33}},"type":"if","locations":[{"start":{"line":119,"column":6},"end":{"line":119,"column":33}}]},"6":{"loc":{"start":{"line":133,"column":6},"end":{"line":142,"column":null}},"type":"if","locations":[{"start":{"line":133,"column":6},"end":{"line":142,"column":null}}]}},"s":{"0":1,"1":1,"2":1,"3":1,"4":1,"5":1,"6":1,"7":1,"8":16,"9":16,"10":16,"11":16,"12":3,"13":3,"14":2,"15":1,"16":1,"17":1,"18":1,"19":1,"20":1,"21":4,"22":4,"23":3,"24":1,"25":2,"26":2,"27":1,"28":1,"29":1,"30":1,"31":2,"32":2,"33":1,"34":1,"35":3,"36":3,"37":2,"38":1,"39":1,"40":1,"41":1,"42":1,"43":2,"44":1,"45":2,"46":0,"47":2,"48":2,"49":1,"50":3,"51":3,"52":2,"53":1,"54":1,"55":1,"56":1,"57":1,"58":1,"59":1,"60":1,"61":1},"f":{"0":16,"1":3,"2":4,"3":2,"4":3,"5":3},"b":{"0":[1],"1":[1],"2":[1],"3":[1],"4":[1],"5":[0],"6":[1]}}
}
