TN:
SF:src/jwt/jwt.service.ts
FN:9,(anonymous_4)
FN:12,(anonymous_5)
FN:15,(anonymous_6)
FNF:3
FNH:3
FNDA:3,(anonymous_4)
FNDA:1,(anonymous_5)
FNDA:1,(anonymous_6)
DA:1,2
DA:2,2
DA:5,2
DA:8,2
DA:10,3
DA:13,1
DA:16,1
LF:7
LH:7
BRF:0
BRH:0
end_of_record
TN:
SF:src/mail/mail.service.ts
FN:8,(anonymous_4)
FN:12,(anonymous_5)
FN:25,(anonymous_6)
FN:47,(anonymous_7)
FNF:4
FNH:4
FNDA:4,(anonymous_4)
FNDA:2,(anonymous_5)
FNDA:2,(anonymous_6)
FNDA:1,(anonymous_7)
DA:1,2
DA:2,2
DA:4,2
DA:5,2
DA:7,2
DA:9,4
DA:19,2
DA:20,2
DA:21,2
DA:22,2
DA:23,2
DA:25,2
DA:26,2
DA:29,2
DA:30,2
DA:41,1
DA:44,1
DA:48,1
LF:18
LH:18
BRF:0
BRH:0
end_of_record
TN:
SF:src/restaurants/restaurants.service.ts
FN:10,(anonymous_4)
FN:14,(anonymous_5)
FN:17,(anonymous_6)
FN:23,(anonymous_7)
FNF:4
FNH:0
FNDA:0,(anonymous_4)
FNDA:0,(anonymous_5)
FNDA:0,(anonymous_6)
FNDA:0,(anonymous_7)
DA:1,0
DA:2,0
DA:3,0
DA:4,0
DA:9,0
DA:12,0
DA:15,0
DA:20,0
DA:21,0
DA:24,0
LF:10
LH:0
BRF:0
BRH:0
end_of_record
TN:
SF:src/users/users.service.ts
FN:19,(anonymous_4)
FN:27,(anonymous_5)
FN:55,(anonymous_6)
FN:85,(anonymous_7)
FN:97,(anonymous_8)
FN:127,(anonymous_9)
FNF:6
FNH:6
FNDA:16,(anonymous_4)
FNDA:3,(anonymous_5)
FNDA:4,(anonymous_6)
FNDA:2,(anonymous_7)
FNDA:3,(anonymous_8)
FNDA:3,(anonymous_9)
DA:1,1
DA:2,1
DA:3,1
DA:4,1
DA:11,1
DA:13,1
DA:16,1
DA:18,1
DA:20,16
DA:22,16
DA:23,16
DA:24,16
DA:33,3
DA:34,3
DA:35,2
DA:36,1
DA:38,1
DA:41,1
DA:44,1
DA:49,1
DA:51,1
DA:57,4
DA:58,4
DA:62,3
DA:63,1
DA:68,2
DA:69,2
DA:70,1
DA:75,1
DA:76,1
DA:81,1
DA:86,2
DA:87,2
DA:88,1
DA:93,1
DA:102,3
DA:103,3
DA:105,2
DA:106,1
DA:107,1
DA:108,1
DA:111,1
DA:112,1
DA:118,2
DA:119,2
DA:120,2
DA:121,2
DA:123,1
DA:128,3
DA:129,3
DA:133,2
DA:138,1
DA:139,1
DA:140,1
DA:141,1
DA:143,1
DA:145,1
DA:146,1
LF:58
LH:58
BRDA:35,0,0,1
BRDA:62,1,0,1
BRDA:69,2,0,1
BRDA:105,3,0,1
BRDA:118,4,0,1
BRDA:119,5,0,0
BRDA:133,6,0,1
BRF:7
BRH:6
end_of_record
